<?xml version="1.0" encoding="UTF-8"?>
<!-- Generated by org.testng.reporters.JUnitXMLReporter -->
<testsuite hostname="ClearStack-Mac.local" ignored="0" name="Default test" tests="2" failures="0" timestamp="2023-01-19T15:52:50 IST" time="32.661" errors="0">
  <testcase name="testCreateCustomer" time="7.35" classname="com.actitime.testscript.CreateCustomer"/>
  <testcase name="testDeleteCustomer" time="6.503" classname="com.actitime.testscript.CreateCustomer"/>
</testsuite> <!-- Default test -->
